
> frontend@0.1.0 start
> react-scripts start

(node:220630) [DEP_WEBPACK_DEV_SERVER_ON_AFTER_SETUP_MIDDLEWARE] DeprecationWarning: 'onAfterSetupMiddleware' option is deprecated. Please use the 'setupMiddlewares' option.
(Use `node --trace-deprecation ...` to show where the warning was created)
(node:220630) [DEP_WEBPACK_DEV_SERVER_ON_BEFORE_SETUP_MIDDLEWARE] DeprecationWarning: 'onBeforeSetupMiddleware' option is deprecated. Please use the 'setupMiddlewares' option.
Starting the development server...

Compiled with warnings.

[eslint]
src/App.js
  Line 1:27:   'useEffect' is defined but never used      no-unused-vars
  Line 2:94:   'BarChart' is defined but never used       no-unused-vars
  Line 2:104:  'Bar' is defined but never used            no-unused-vars
  Line 2:123:  'CartesianGrid' is defined but never used  no-unused-vars
  Line 2:147:  'Legend' is defined but never used         no-unused-vars
  Line 2:155:  'LineChart' is defined but never used      no-unused-vars
  Line 2:166:  'Line' is defined but never used           no-unused-vars

Search for the keywords to learn more about each warning.
To ignore, add // eslint-disable-next-line to the line before.

WARNING in [eslint]
src/App.js
  Line 1:27:   'useEffect' is defined but never used      no-unused-vars
  Line 2:94:   'BarChart' is defined but never used       no-unused-vars
  Line 2:104:  'Bar' is defined but never used            no-unused-vars
  Line 2:123:  'CartesianGrid' is defined but never used  no-unused-vars
  Line 2:147:  'Legend' is defined but never used         no-unused-vars
  Line 2:155:  'LineChart' is defined but never used      no-unused-vars
  Line 2:166:  'Line' is defined but never used           no-unused-vars

webpack compiled with 1 warning
